Determining if the pthread_create exist failed with the following output:
Change Dir: /home/nhamtung/TungNV/Scan3D/TungNV_quadrotor_scan3d_ws/build/CMakeFiles/CMakeTmp

Run Build Command:"/usr/bin/make" "cmTC_56fa1/fast"
/usr/bin/make -f CMakeFiles/cmTC_56fa1.dir/build.make CMakeFiles/cmTC_56fa1.dir/build
make[1]: Entering directory '/home/nhamtung/TungNV/Scan3D/TungNV_quadrotor_scan3d_ws/build/CMakeFiles/CMakeTmp'
Building C object CMakeFiles/cmTC_56fa1.dir/CheckSymbolExists.c.o
/usr/bin/cc     -o CMakeFiles/cmTC_56fa1.dir/CheckSymbolExists.c.o   -c /home/nhamtung/TungNV/Scan3D/TungNV_quadrotor_scan3d_ws/build/CMakeFiles/CMakeTmp/CheckSymbolExists.c
Linking C executable cmTC_56fa1
/usr/bin/cmake -E cmake_link_script CMakeFiles/cmTC_56fa1.dir/link.txt --verbose=1
/usr/bin/cc       CMakeFiles/cmTC_56fa1.dir/CheckSymbolExists.c.o  -o cmTC_56fa1 -rdynamic 
CMakeFiles/cmTC_56fa1.dir/CheckSymbolExists.c.o: In function `main':
CheckSymbolExists.c:(.text+0x16): undefined reference to `pthread_create'
collect2: error: ld returned 1 exit status
CMakeFiles/cmTC_56fa1.dir/build.make:97: recipe for target 'cmTC_56fa1' failed
make[1]: *** [cmTC_56fa1] Error 1
make[1]: Leaving directory '/home/nhamtung/TungNV/Scan3D/TungNV_quadrotor_scan3d_ws/build/CMakeFiles/CMakeTmp'
Makefile:126: recipe for target 'cmTC_56fa1/fast' failed
make: *** [cmTC_56fa1/fast] Error 2

File /home/nhamtung/TungNV/Scan3D/TungNV_quadrotor_scan3d_ws/build/CMakeFiles/CMakeTmp/CheckSymbolExists.c:
/* */
#include <pthread.h>

int main(int argc, char** argv)
{
  (void)argv;
#ifndef pthread_create
  return ((int*)(&pthread_create))[argc];
#else
  (void)argc;
  return 0;
#endif
}

Determining if the function pthread_create exists in the pthreads failed with the following output:
Change Dir: /home/nhamtung/TungNV/Scan3D/TungNV_quadrotor_scan3d_ws/build/CMakeFiles/CMakeTmp

Run Build Command:"/usr/bin/make" "cmTC_acec4/fast"
/usr/bin/make -f CMakeFiles/cmTC_acec4.dir/build.make CMakeFiles/cmTC_acec4.dir/build
make[1]: Entering directory '/home/nhamtung/TungNV/Scan3D/TungNV_quadrotor_scan3d_ws/build/CMakeFiles/CMakeTmp'
Building C object CMakeFiles/cmTC_acec4.dir/CheckFunctionExists.c.o
/usr/bin/cc    -DCHECK_FUNCTION_EXISTS=pthread_create   -o CMakeFiles/cmTC_acec4.dir/CheckFunctionExists.c.o   -c /usr/share/cmake-3.5/Modules/CheckFunctionExists.c
Linking C executable cmTC_acec4
/usr/bin/cmake -E cmake_link_script CMakeFiles/cmTC_acec4.dir/link.txt --verbose=1
/usr/bin/cc   -DCHECK_FUNCTION_EXISTS=pthread_create    CMakeFiles/cmTC_acec4.dir/CheckFunctionExists.c.o  -o cmTC_acec4 -rdynamic -lpthreads 
/usr/bin/ld: cannot find -lpthreads
collect2: error: ld returned 1 exit status
CMakeFiles/cmTC_acec4.dir/build.make:97: recipe for target 'cmTC_acec4' failed
make[1]: *** [cmTC_acec4] Error 1
make[1]: Leaving directory '/home/nhamtung/TungNV/Scan3D/TungNV_quadrotor_scan3d_ws/build/CMakeFiles/CMakeTmp'
Makefile:126: recipe for target 'cmTC_acec4/fast' failed
make: *** [cmTC_acec4/fast] Error 2


Determining if the Q_WS_WIN exist failed with the following output:
Change Dir: /home/nhamtung/TungNV/Scan3D/TungNV_quadrotor_scan3d_ws/build/CMakeFiles/CMakeTmp

Run Build Command:"/usr/bin/make" "cmTC_86953/fast"
/usr/bin/make -f CMakeFiles/cmTC_86953.dir/build.make CMakeFiles/cmTC_86953.dir/build
make[1]: Entering directory '/home/nhamtung/TungNV/Scan3D/TungNV_quadrotor_scan3d_ws/build/CMakeFiles/CMakeTmp'
Building CXX object CMakeFiles/cmTC_86953.dir/CheckSymbolExists.cxx.o
/usr/bin/c++    -I/usr/include/qt4   -o CMakeFiles/cmTC_86953.dir/CheckSymbolExists.cxx.o -c /home/nhamtung/TungNV/Scan3D/TungNV_quadrotor_scan3d_ws/build/CMakeFiles/CMakeTmp/CheckSymbolExists.cxx
/home/nhamtung/TungNV/Scan3D/TungNV_quadrotor_scan3d_ws/build/CMakeFiles/CMakeTmp/CheckSymbolExists.cxx: In function ‘int main(int, char**)’:
/home/nhamtung/TungNV/Scan3D/TungNV_quadrotor_scan3d_ws/build/CMakeFiles/CMakeTmp/CheckSymbolExists.cxx:8:19: error: ‘Q_WS_WIN’ was not declared in this scope
   return ((int*)(&Q_WS_WIN))[argc];
                   ^
CMakeFiles/cmTC_86953.dir/build.make:65: recipe for target 'CMakeFiles/cmTC_86953.dir/CheckSymbolExists.cxx.o' failed
make[1]: *** [CMakeFiles/cmTC_86953.dir/CheckSymbolExists.cxx.o] Error 1
make[1]: Leaving directory '/home/nhamtung/TungNV/Scan3D/TungNV_quadrotor_scan3d_ws/build/CMakeFiles/CMakeTmp'
Makefile:126: recipe for target 'cmTC_86953/fast' failed
make: *** [cmTC_86953/fast] Error 2

File /home/nhamtung/TungNV/Scan3D/TungNV_quadrotor_scan3d_ws/build/CMakeFiles/CMakeTmp/CheckSymbolExists.cxx:
/* */
#include <QtCore/qglobal.h>

int main(int argc, char** argv)
{
  (void)argv;
#ifndef Q_WS_WIN
  return ((int*)(&Q_WS_WIN))[argc];
#else
  (void)argc;
  return 0;
#endif
}

Determining if the Q_WS_QWS exist failed with the following output:
Change Dir: /home/nhamtung/TungNV/Scan3D/TungNV_quadrotor_scan3d_ws/build/CMakeFiles/CMakeTmp

Run Build Command:"/usr/bin/make" "cmTC_a9388/fast"
/usr/bin/make -f CMakeFiles/cmTC_a9388.dir/build.make CMakeFiles/cmTC_a9388.dir/build
make[1]: Entering directory '/home/nhamtung/TungNV/Scan3D/TungNV_quadrotor_scan3d_ws/build/CMakeFiles/CMakeTmp'
Building CXX object CMakeFiles/cmTC_a9388.dir/CheckSymbolExists.cxx.o
/usr/bin/c++    -I/usr/include/qt4   -o CMakeFiles/cmTC_a9388.dir/CheckSymbolExists.cxx.o -c /home/nhamtung/TungNV/Scan3D/TungNV_quadrotor_scan3d_ws/build/CMakeFiles/CMakeTmp/CheckSymbolExists.cxx
/home/nhamtung/TungNV/Scan3D/TungNV_quadrotor_scan3d_ws/build/CMakeFiles/CMakeTmp/CheckSymbolExists.cxx: In function ‘int main(int, char**)’:
/home/nhamtung/TungNV/Scan3D/TungNV_quadrotor_scan3d_ws/build/CMakeFiles/CMakeTmp/CheckSymbolExists.cxx:8:19: error: ‘Q_WS_QWS’ was not declared in this scope
   return ((int*)(&Q_WS_QWS))[argc];
                   ^
CMakeFiles/cmTC_a9388.dir/build.make:65: recipe for target 'CMakeFiles/cmTC_a9388.dir/CheckSymbolExists.cxx.o' failed
make[1]: *** [CMakeFiles/cmTC_a9388.dir/CheckSymbolExists.cxx.o] Error 1
make[1]: Leaving directory '/home/nhamtung/TungNV/Scan3D/TungNV_quadrotor_scan3d_ws/build/CMakeFiles/CMakeTmp'
Makefile:126: recipe for target 'cmTC_a9388/fast' failed
make: *** [cmTC_a9388/fast] Error 2

File /home/nhamtung/TungNV/Scan3D/TungNV_quadrotor_scan3d_ws/build/CMakeFiles/CMakeTmp/CheckSymbolExists.cxx:
/* */
#include <QtCore/qglobal.h>

int main(int argc, char** argv)
{
  (void)argv;
#ifndef Q_WS_QWS
  return ((int*)(&Q_WS_QWS))[argc];
#else
  (void)argc;
  return 0;
#endif
}

Determining if the Q_WS_MAC exist failed with the following output:
Change Dir: /home/nhamtung/TungNV/Scan3D/TungNV_quadrotor_scan3d_ws/build/CMakeFiles/CMakeTmp

Run Build Command:"/usr/bin/make" "cmTC_8d59b/fast"
/usr/bin/make -f CMakeFiles/cmTC_8d59b.dir/build.make CMakeFiles/cmTC_8d59b.dir/build
make[1]: Entering directory '/home/nhamtung/TungNV/Scan3D/TungNV_quadrotor_scan3d_ws/build/CMakeFiles/CMakeTmp'
Building CXX object CMakeFiles/cmTC_8d59b.dir/CheckSymbolExists.cxx.o
/usr/bin/c++    -I/usr/include/qt4   -o CMakeFiles/cmTC_8d59b.dir/CheckSymbolExists.cxx.o -c /home/nhamtung/TungNV/Scan3D/TungNV_quadrotor_scan3d_ws/build/CMakeFiles/CMakeTmp/CheckSymbolExists.cxx
/home/nhamtung/TungNV/Scan3D/TungNV_quadrotor_scan3d_ws/build/CMakeFiles/CMakeTmp/CheckSymbolExists.cxx: In function ‘int main(int, char**)’:
/home/nhamtung/TungNV/Scan3D/TungNV_quadrotor_scan3d_ws/build/CMakeFiles/CMakeTmp/CheckSymbolExists.cxx:8:19: error: ‘Q_WS_MAC’ was not declared in this scope
   return ((int*)(&Q_WS_MAC))[argc];
                   ^
CMakeFiles/cmTC_8d59b.dir/build.make:65: recipe for target 'CMakeFiles/cmTC_8d59b.dir/CheckSymbolExists.cxx.o' failed
make[1]: *** [CMakeFiles/cmTC_8d59b.dir/CheckSymbolExists.cxx.o] Error 1
make[1]: Leaving directory '/home/nhamtung/TungNV/Scan3D/TungNV_quadrotor_scan3d_ws/build/CMakeFiles/CMakeTmp'
Makefile:126: recipe for target 'cmTC_8d59b/fast' failed
make: *** [cmTC_8d59b/fast] Error 2

File /home/nhamtung/TungNV/Scan3D/TungNV_quadrotor_scan3d_ws/build/CMakeFiles/CMakeTmp/CheckSymbolExists.cxx:
/* */
#include <QtCore/qglobal.h>

int main(int argc, char** argv)
{
  (void)argv;
#ifndef Q_WS_MAC
  return ((int*)(&Q_WS_MAC))[argc];
#else
  (void)argc;
  return 0;
#endif
}

