Determining if the pthread_create exist failed with the following output:
Change Dir: /home/nhamtung/TungNV/Scan3D/TungNV_husky_scan3d_ws/build/CMakeFiles/CMakeTmp

Run Build Command:"/usr/bin/make" "cmTC_dff31/fast"
/usr/bin/make -f CMakeFiles/cmTC_dff31.dir/build.make CMakeFiles/cmTC_dff31.dir/build
make[1]: Entering directory '/home/nhamtung/TungNV/Scan3D/TungNV_husky_scan3d_ws/build/CMakeFiles/CMakeTmp'
Building C object CMakeFiles/cmTC_dff31.dir/CheckSymbolExists.c.o
/usr/bin/cc     -o CMakeFiles/cmTC_dff31.dir/CheckSymbolExists.c.o   -c /home/nhamtung/TungNV/Scan3D/TungNV_husky_scan3d_ws/build/CMakeFiles/CMakeTmp/CheckSymbolExists.c
Linking C executable cmTC_dff31
/usr/bin/cmake -E cmake_link_script CMakeFiles/cmTC_dff31.dir/link.txt --verbose=1
/usr/bin/cc       CMakeFiles/cmTC_dff31.dir/CheckSymbolExists.c.o  -o cmTC_dff31 -rdynamic 
CMakeFiles/cmTC_dff31.dir/CheckSymbolExists.c.o: In function `main':
CheckSymbolExists.c:(.text+0x16): undefined reference to `pthread_create'
collect2: error: ld returned 1 exit status
CMakeFiles/cmTC_dff31.dir/build.make:97: recipe for target 'cmTC_dff31' failed
make[1]: *** [cmTC_dff31] Error 1
make[1]: Leaving directory '/home/nhamtung/TungNV/Scan3D/TungNV_husky_scan3d_ws/build/CMakeFiles/CMakeTmp'
Makefile:126: recipe for target 'cmTC_dff31/fast' failed
make: *** [cmTC_dff31/fast] Error 2

File /home/nhamtung/TungNV/Scan3D/TungNV_husky_scan3d_ws/build/CMakeFiles/CMakeTmp/CheckSymbolExists.c:
/* */
#include <pthread.h>

int main(int argc, char** argv)
{
  (void)argv;
#ifndef pthread_create
  return ((int*)(&pthread_create))[argc];
#else
  (void)argc;
  return 0;
#endif
}

Determining if the function pthread_create exists in the pthreads failed with the following output:
Change Dir: /home/nhamtung/TungNV/Scan3D/TungNV_husky_scan3d_ws/build/CMakeFiles/CMakeTmp

Run Build Command:"/usr/bin/make" "cmTC_320d0/fast"
/usr/bin/make -f CMakeFiles/cmTC_320d0.dir/build.make CMakeFiles/cmTC_320d0.dir/build
make[1]: Entering directory '/home/nhamtung/TungNV/Scan3D/TungNV_husky_scan3d_ws/build/CMakeFiles/CMakeTmp'
Building C object CMakeFiles/cmTC_320d0.dir/CheckFunctionExists.c.o
/usr/bin/cc    -DCHECK_FUNCTION_EXISTS=pthread_create   -o CMakeFiles/cmTC_320d0.dir/CheckFunctionExists.c.o   -c /usr/share/cmake-3.5/Modules/CheckFunctionExists.c
Linking C executable cmTC_320d0
/usr/bin/cmake -E cmake_link_script CMakeFiles/cmTC_320d0.dir/link.txt --verbose=1
/usr/bin/cc   -DCHECK_FUNCTION_EXISTS=pthread_create    CMakeFiles/cmTC_320d0.dir/CheckFunctionExists.c.o  -o cmTC_320d0 -rdynamic -lpthreads 
/usr/bin/ld: cannot find -lpthreads
collect2: error: ld returned 1 exit status
CMakeFiles/cmTC_320d0.dir/build.make:97: recipe for target 'cmTC_320d0' failed
make[1]: *** [cmTC_320d0] Error 1
make[1]: Leaving directory '/home/nhamtung/TungNV/Scan3D/TungNV_husky_scan3d_ws/build/CMakeFiles/CMakeTmp'
Makefile:126: recipe for target 'cmTC_320d0/fast' failed
make: *** [cmTC_320d0/fast] Error 2


Determining if the Q_WS_WIN exist failed with the following output:
Change Dir: /home/nhamtung/TungNV/Scan3D/TungNV_husky_scan3d_ws/build/CMakeFiles/CMakeTmp

Run Build Command:"/usr/bin/make" "cmTC_4288f/fast"
/usr/bin/make -f CMakeFiles/cmTC_4288f.dir/build.make CMakeFiles/cmTC_4288f.dir/build
make[1]: Entering directory '/home/nhamtung/TungNV/Scan3D/TungNV_husky_scan3d_ws/build/CMakeFiles/CMakeTmp'
Building CXX object CMakeFiles/cmTC_4288f.dir/CheckSymbolExists.cxx.o
/usr/bin/c++    -I/usr/include/qt4   -o CMakeFiles/cmTC_4288f.dir/CheckSymbolExists.cxx.o -c /home/nhamtung/TungNV/Scan3D/TungNV_husky_scan3d_ws/build/CMakeFiles/CMakeTmp/CheckSymbolExists.cxx
/home/nhamtung/TungNV/Scan3D/TungNV_husky_scan3d_ws/build/CMakeFiles/CMakeTmp/CheckSymbolExists.cxx: In function ‘int main(int, char**)’:
/home/nhamtung/TungNV/Scan3D/TungNV_husky_scan3d_ws/build/CMakeFiles/CMakeTmp/CheckSymbolExists.cxx:8:19: error: ‘Q_WS_WIN’ was not declared in this scope
   return ((int*)(&Q_WS_WIN))[argc];
                   ^
CMakeFiles/cmTC_4288f.dir/build.make:65: recipe for target 'CMakeFiles/cmTC_4288f.dir/CheckSymbolExists.cxx.o' failed
make[1]: *** [CMakeFiles/cmTC_4288f.dir/CheckSymbolExists.cxx.o] Error 1
make[1]: Leaving directory '/home/nhamtung/TungNV/Scan3D/TungNV_husky_scan3d_ws/build/CMakeFiles/CMakeTmp'
Makefile:126: recipe for target 'cmTC_4288f/fast' failed
make: *** [cmTC_4288f/fast] Error 2

File /home/nhamtung/TungNV/Scan3D/TungNV_husky_scan3d_ws/build/CMakeFiles/CMakeTmp/CheckSymbolExists.cxx:
/* */
#include <QtCore/qglobal.h>

int main(int argc, char** argv)
{
  (void)argv;
#ifndef Q_WS_WIN
  return ((int*)(&Q_WS_WIN))[argc];
#else
  (void)argc;
  return 0;
#endif
}

Determining if the Q_WS_QWS exist failed with the following output:
Change Dir: /home/nhamtung/TungNV/Scan3D/TungNV_husky_scan3d_ws/build/CMakeFiles/CMakeTmp

Run Build Command:"/usr/bin/make" "cmTC_ff365/fast"
/usr/bin/make -f CMakeFiles/cmTC_ff365.dir/build.make CMakeFiles/cmTC_ff365.dir/build
make[1]: Entering directory '/home/nhamtung/TungNV/Scan3D/TungNV_husky_scan3d_ws/build/CMakeFiles/CMakeTmp'
Building CXX object CMakeFiles/cmTC_ff365.dir/CheckSymbolExists.cxx.o
/usr/bin/c++    -I/usr/include/qt4   -o CMakeFiles/cmTC_ff365.dir/CheckSymbolExists.cxx.o -c /home/nhamtung/TungNV/Scan3D/TungNV_husky_scan3d_ws/build/CMakeFiles/CMakeTmp/CheckSymbolExists.cxx
/home/nhamtung/TungNV/Scan3D/TungNV_husky_scan3d_ws/build/CMakeFiles/CMakeTmp/CheckSymbolExists.cxx: In function ‘int main(int, char**)’:
/home/nhamtung/TungNV/Scan3D/TungNV_husky_scan3d_ws/build/CMakeFiles/CMakeTmp/CheckSymbolExists.cxx:8:19: error: ‘Q_WS_QWS’ was not declared in this scope
   return ((int*)(&Q_WS_QWS))[argc];
                   ^
CMakeFiles/cmTC_ff365.dir/build.make:65: recipe for target 'CMakeFiles/cmTC_ff365.dir/CheckSymbolExists.cxx.o' failed
make[1]: *** [CMakeFiles/cmTC_ff365.dir/CheckSymbolExists.cxx.o] Error 1
make[1]: Leaving directory '/home/nhamtung/TungNV/Scan3D/TungNV_husky_scan3d_ws/build/CMakeFiles/CMakeTmp'
Makefile:126: recipe for target 'cmTC_ff365/fast' failed
make: *** [cmTC_ff365/fast] Error 2

File /home/nhamtung/TungNV/Scan3D/TungNV_husky_scan3d_ws/build/CMakeFiles/CMakeTmp/CheckSymbolExists.cxx:
/* */
#include <QtCore/qglobal.h>

int main(int argc, char** argv)
{
  (void)argv;
#ifndef Q_WS_QWS
  return ((int*)(&Q_WS_QWS))[argc];
#else
  (void)argc;
  return 0;
#endif
}

Determining if the Q_WS_MAC exist failed with the following output:
Change Dir: /home/nhamtung/TungNV/Scan3D/TungNV_husky_scan3d_ws/build/CMakeFiles/CMakeTmp

Run Build Command:"/usr/bin/make" "cmTC_0d713/fast"
/usr/bin/make -f CMakeFiles/cmTC_0d713.dir/build.make CMakeFiles/cmTC_0d713.dir/build
make[1]: Entering directory '/home/nhamtung/TungNV/Scan3D/TungNV_husky_scan3d_ws/build/CMakeFiles/CMakeTmp'
Building CXX object CMakeFiles/cmTC_0d713.dir/CheckSymbolExists.cxx.o
/usr/bin/c++    -I/usr/include/qt4   -o CMakeFiles/cmTC_0d713.dir/CheckSymbolExists.cxx.o -c /home/nhamtung/TungNV/Scan3D/TungNV_husky_scan3d_ws/build/CMakeFiles/CMakeTmp/CheckSymbolExists.cxx
/home/nhamtung/TungNV/Scan3D/TungNV_husky_scan3d_ws/build/CMakeFiles/CMakeTmp/CheckSymbolExists.cxx: In function ‘int main(int, char**)’:
/home/nhamtung/TungNV/Scan3D/TungNV_husky_scan3d_ws/build/CMakeFiles/CMakeTmp/CheckSymbolExists.cxx:8:19: error: ‘Q_WS_MAC’ was not declared in this scope
   return ((int*)(&Q_WS_MAC))[argc];
                   ^
CMakeFiles/cmTC_0d713.dir/build.make:65: recipe for target 'CMakeFiles/cmTC_0d713.dir/CheckSymbolExists.cxx.o' failed
make[1]: *** [CMakeFiles/cmTC_0d713.dir/CheckSymbolExists.cxx.o] Error 1
make[1]: Leaving directory '/home/nhamtung/TungNV/Scan3D/TungNV_husky_scan3d_ws/build/CMakeFiles/CMakeTmp'
Makefile:126: recipe for target 'cmTC_0d713/fast' failed
make: *** [cmTC_0d713/fast] Error 2

File /home/nhamtung/TungNV/Scan3D/TungNV_husky_scan3d_ws/build/CMakeFiles/CMakeTmp/CheckSymbolExists.cxx:
/* */
#include <QtCore/qglobal.h>

int main(int argc, char** argv)
{
  (void)argv;
#ifndef Q_WS_MAC
  return ((int*)(&Q_WS_MAC))[argc];
#else
  (void)argc;
  return 0;
#endif
}

